6d74 start_logger              160 ---- 2024/04/09 17:22:50.764 -------------------------------------------------
6d74 start_logger              166 Host process is 'cmd.exe' (pid 28020)
6d74 start_logger              170 DLL path is 'C:\Users\tjddj\Downloads\cmder\vendor\clink'
6d74 start_logger              185 Windows version 10.0.22631 (x64)
6d74 start_logger              187 Clink version 1.5.1.1e9e51 (x64)
6d74 hook_setter::hook_setter  159 >>> Started hook transaction.
6d74 hook_setter::attach_iat   316 Attempting to hook SetEnvironmentVariableW in IAT for module 00007FF679320000.
6d74 pe_info::iterate_imports  195 Found import in 'api-ms-win-core-processenvironment-l1-1-0.dll'
6d74 find_iat                  124 Found import at 00007FF679356E98 (value is 00007FFCBD08B1A0).
6d74 hook_setter::attach_iat   316 Attempting to hook WriteConsoleW in IAT for module 00007FF679320000.
6d74 pe_info::iterate_imports  195 Found import in 'api-ms-win-core-console-l1-1-0.dll'
6d74 find_iat                  124 Found import at 00007FF679356AF0 (value is 00007FFCBD04DAD0).
6d74 hook_setter::attach_iat   316 Attempting to hook GetEnvironmentVariableW in IAT for module 00007FF679320000.
6d74 pe_info::iterate_imports  195 Found import in 'api-ms-win-core-processenvironment-l1-1-0.dll'
6d74 find_iat                  124 Found import at 00007FF679356E68 (value is 00007FFCBD036960).
6d74 hook_setter::commit       207 <<< Hook transaction committed.
6d74 hook_setter::hook_setter  159 >>> Started hook transaction.
6d74 hook_setter::detach_iat   359 Attempting to unhook 00007FFC420EB0F0 from GetEnvironmentVariableW in IAT for module 00007FF679320000.
6d74 pe_info::iterate_imports  195 Found import in 'api-ms-win-core-processenvironment-l1-1-0.dll'
6d74 find_iat                  124 Found import at 00007FF679356E68 (value is 00007FFC420EB0F0).
6d74 hook_setter::commit       207 <<< Hook transaction committed.
6d74 hook_setter::hook_setter  159 >>> Started hook transaction.
6d74 hook_setter::attach_iat   316 Attempting to hook ReadConsoleW in IAT for module 00007FF679320000.
6d74 pe_info::iterate_imports  195 Found import in 'api-ms-win-core-console-l1-1-0.dll'
6d74 find_iat                  124 Found import at 00007FF679356AE8 (value is 00007FFCBD0C6910).
6d74 hook_setter::commit       207 <<< Hook transaction committed.
6d74 hook_setter::hook_setter  159 >>> Started hook transaction.
6d74 hook_setter::attach_iat   316 Attempting to hook SetConsoleTitleW in IAT for module 00007FF679320000.
6d74 pe_info::iterate_imports  195 Found import in 'api-ms-win-core-console-l2-2-0.dll'
6d74 find_iat                  124 Found import at 00007FF679356B48 (value is 00007FFCBD0C73A0).
6d74 hook_setter::commit       207 <<< Hook transaction committed.
6d74 win_screen_buffer::begin  297 Using native terminal support (auto mode found 'ConEmuHk64.dll').
6d74 reset_handle              144 resetting mismatched stdin handle
6d74 reset_handle              144 resetting mismatched stdout handle
6d74 reset_handle              144 resetting mismatched stderr handle
6d74 init_cached_font          577 console font "굴림체", cell width 3, pitch and family 0x36
6d74 init_cached_font          578 East Asian Ambiguous mode 3
6d74 reset_handle              144 resetting mismatched stdout handle
6d74 reset_handle              144 resetting mismatched stderr handle
6d74 host_lua::load_scripts    158 Loaded 2 Lua scripts in 19 ms
6d74 ={update.lua}               0 Clink updater: too soon to check for updates (1712650906 vs 1712650971).
6d74 history_db::initialise   1264 master bank ctag: |CTAG_1712650903_113419250_29640_0
6d74 history_db::compact      1526 History:  3 active, 0 deleted
6d74 reset_handle              144 resetting mismatched stdout handle
6d74 reset_handle              144 resetting mismatched stderr handle
6d74 history_db::compact      1526 History:  3 active, 0 deleted
6d74 reset_handle              144 resetting mismatched stdout handle
6d74 reset_handle              144 resetting mismatched stderr handle
6d74 history_db::compact      1526 History:  3 active, 0 deleted
